2024-03-18T18:46:12.562Z error: Error fetching data from the database: data is not defined
2024-03-18T18:47:12.389Z error: Error fetching data from the database: data is not defined
2024-03-23T06:47:20.273Z error: Error registering user: 
Invalid `User.create()` invocation in
/home/bilal/Desktop/D_Drive/mern-starter/backend/controllers/authController.js:48:34

  45   return res.status(400).json({ message: "Email already exists" });
  46 }
  47 // Create a new user
→ 48 const newUser = await User.create({
       name: "Bilal",
       ~~~~
       email: "bilal@example.com",
       password: "password1",
       age: "21",
     ? data?: UserCreateInput | UserUncheckedCreateInput
     })

Unknown argument `name`. Did you mean `data`? Available options are marked with ?.
2024-03-23T06:48:26.440Z error: Error registering user: 
Invalid `User.create()` invocation in
/home/bilal/Desktop/D_Drive/mern-starter/backend/controllers/authController.js:48:34

  45   return res.status(400).json({ message: "Email already exists" });
  46 }
  47 // Create a new user
→ 48 const newUser = await User.create({
       data: {
         name: "Bilal",
         email: "bilal@example.com",
         password: "password1",
         age: "21"
              ~~~~
       }
     })

Argument `age`: Invalid value provided. Expected Int, provided String.
2024-03-23T06:51:06.117Z error: Error registering user: 
Invalid `User.create()` invocation in
/home/bilal/Desktop/D_Drive/mern-starter/backend/controllers/authController.js:49:34

  46   return res.status(400).json({ message: "Email already exists" });
  47 }
  48 // Create a new user
→ 49 const newUser = await User.create({
       data: {
         name: "Bilal",
         email: "bilal@example.com",
         password: "password1",
         AGE: 21,
     +   age: Int
       }
     })

Argument `age` is missing.
2024-03-23T06:51:40.335Z error: Error registering user: 
Invalid `User.create()` invocation in
/home/bilal/Desktop/D_Drive/mern-starter/backend/controllers/authController.js:49:34

  46   return res.status(400).json({ message: "Email already exists" });
  47 }
  48 // Create a new user
→ 49 const newUser = await User.create({
       data: {
         name: "Bilal",
         email: "bilal@example.com",
         password: "password1",
         AGE: 21,
     +   age: Int
       }
     })

Argument `age` is missing.
